-------------------------------------------------------------------------------
Test set: org.example.productcatalogserviceproxy.RandomTest
-------------------------------------------------------------------------------
Tests run: 1, Failures: 1, Errors: 0, Skipped: 0, Time elapsed: 0.006 s <<< FAILURE! -- in org.example.productcatalogserviceproxy.RandomTest
org.example.productcatalogserviceproxy.RandomTest.testRandomNumber -- Time elapsed: 0.005 s <<< FAILURE!
java.lang.AssertionError
	at org.example.productcatalogserviceproxy.RandomTest.testRandomNumber(RandomTest.java:14)
	at java.base/java.lang.reflect.Method.invoke(Method.java:568)
	at java.base/java.util.ArrayList.forEach(ArrayList.java:1511)
	at java.base/java.util.ArrayList.forEach(ArrayList.java:1511)

